<?xml version="1.0" encoding="UTF-8"?>
<!-- Generated by org.testng.reporters.JUnitReportReporter -->
<testsuite skipped="1" hostname="lathabp-ThinkPad-L470-W10DG" name="test.logoutTest" tests="1" failures="0" timestamp="26 Dec 2019 09:34:39 GMT" time="0.001" errors="0">
  <testcase name="ValideLogout" time="0.001" classname="test.logoutTest">
    <skipped/>
  </testcase> <!-- ValideLogout -->
</testsuite> <!-- test.logoutTest -->
