<?xml version="1.0" encoding="UTF-8"?>
<!-- Generated by org.testng.reporters.JUnitReportReporter -->
<testsuite skipped="0" hostname="lathabp-ThinkPad-L470-W10DG" name="test.myOrderTest" tests="1" failures="0" timestamp="16 Dec 2019 12:48:05 GMT" time="21.059" errors="0">
  <testcase name="GoTOCheckMyOrder" time="21.059" classname="test.myOrderTest"/>
</testsuite> <!-- test.myOrderTest -->
