<?xml version="1.0" encoding="UTF-8"?>
<!-- Generated by org.testng.reporters.JUnitReportReporter -->
<testsuite skipped="1" hostname="lathabp-ThinkPad-L470-W10DG" name="test.allCategoryTest" tests="1" failures="0" timestamp="26 Dec 2019 09:34:39 GMT" time="0.000" errors="0">
  <testcase name="TestvalideLogin" time="0.000" classname="test.allCategoryTest">
    <skipped/>
  </testcase> <!-- TestvalideLogin -->
</testsuite> <!-- test.allCategoryTest -->
