<?xml version="1.0" encoding="UTF-8"?>
<!-- Generated by org.testng.reporters.JUnitReportReporter -->
<testsuite skipped="0" hostname="lathabp-ThinkPad-L470-W10DG" name="test.storeLocatoreTest" tests="1" failures="0" timestamp="17 Dec 2019 06:23:42 GMT" time="34.292" errors="0">
  <testcase name="GoToStoreLocatorte" time="34.292" classname="test.storeLocatoreTest"/>
</testsuite> <!-- test.storeLocatoreTest -->
