<?xml version="1.0" encoding="UTF-8"?>
<!-- Generated by org.testng.reporters.JUnitReportReporter -->
<testsuite skipped="0" hostname="lathabp-ThinkPad-L470-W10DG" name="test.Logintest" tests="1" failures="0" timestamp="16 Dec 2019 12:48:05 GMT" time="79.243" errors="0">
  <testcase name="TestvalideLogin" time="79.243" classname="test.Logintest"/>
</testsuite> <!-- test.Logintest -->
