<?xml version="1.0" encoding="UTF-8"?>
<!-- Generated by org.testng.reporters.JUnitReportReporter -->
<testsuite skipped="1" hostname="lathabp-ThinkPad-L470-W10DG" name="test.storeLocatoreTest" tests="1" failures="0" timestamp="26 Dec 2019 09:34:39 GMT" time="0.000" errors="0">
  <testcase name="GoToStoreLocatorte" time="0.000" classname="test.storeLocatoreTest">
    <skipped/>
  </testcase> <!-- GoToStoreLocatorte -->
</testsuite> <!-- test.storeLocatoreTest -->
