<?xml version="1.0" encoding="UTF-8"?>
<!-- Generated by org.testng.reporters.JUnitReportReporter -->
<testsuite skipped="1" hostname="lathabp-ThinkPad-L470-W10DG" name="test.locationDeliveryTest" tests="1" failures="0" timestamp="27 Dec 2019 10:21:23 GMT" time="0.000" errors="0">
  <testcase name="TestDeliveryMapAddress" time="0.000" classname="test.locationDeliveryTest">
    <skipped/>
  </testcase> <!-- TestDeliveryMapAddress -->
</testsuite> <!-- test.locationDeliveryTest -->
