<?xml version="1.0" encoding="UTF-8"?>
<!-- Generated by org.testng.reporters.JUnitReportReporter -->
<testsuite skipped="0" hostname="lathabp-ThinkPad-L470-W10DG" name="test.locationDeliveryTest" tests="1" failures="0" timestamp="17 Dec 2019 11:49:04 GMT" time="48.820" errors="0">
  <testcase name="TestDeliveryMapAddress" time="48.820" classname="test.locationDeliveryTest"/>
</testsuite> <!-- test.locationDeliveryTest -->
