<?xml version="1.0" encoding="UTF-8"?>
<!-- Generated by org.testng.reporters.JUnitReportReporter -->
<testsuite skipped="0" hostname="lathabp-ThinkPad-L470-W10DG" name="test.Logintest" tests="1" failures="0" timestamp="17 Dec 2019 06:23:42 GMT" time="77.796" errors="0">
  <testcase name="TestvalideLogin" time="77.796" classname="test.Logintest"/>
</testsuite> <!-- test.Logintest -->
