<?xml version="1.0" encoding="UTF-8"?>
<!-- Generated by org.testng.reporters.JUnitReportReporter -->
<testsuite skipped="0" hostname="lathabp-ThinkPad-L470-W10DG" name="test.addCartTest" tests="1" failures="0" timestamp="17 Dec 2019 06:23:42 GMT" time="27.518" errors="0">
  <testcase name="TestvalideAddCartValue" time="27.518" classname="test.addCartTest"/>
</testsuite> <!-- test.addCartTest -->
