<?xml version="1.0" encoding="UTF-8"?>
<!-- Generated by org.testng.reporters.JUnitReportReporter -->
<testsuite skipped="0" hostname="lathabp-ThinkPad-L470-W10DG" name="test.logoutTest" tests="1" failures="0" timestamp="17 Dec 2019 06:23:42 GMT" time="23.654" errors="0">
  <testcase name="ValideLogout" time="23.654" classname="test.logoutTest"/>
</testsuite> <!-- test.logoutTest -->
